============================= test session starts =============================
platform win32 -- Python 3.14.2, pytest-9.0.2, pluggy-1.6.0
rootdir: C:\Users\fabia\GitHub\ha-eversports
configfile: pyproject.toml
plugins: anyio-4.12.1, Faker-40.1.2, asyncio-1.3.0, cov-7.0.0, mock-3.15.1, sugar-1.1.1
asyncio: mode=Mode.AUTO, debug=False, asyncio_default_fixture_loop_scope=function, asyncio_default_test_loop_scope=function
collected 0 items / 5 errors

=================================== ERRORS ====================================
________________ ERROR collecting tests/test_binary_sensor.py _________________
ImportError while importing test module 'C:\Users\fabia\GitHub\ha-eversports\tests\test_binary_sensor.py'.
Hint: make sure your test modules/packages have valid Python names.
Traceback:
..\..\AppData\Local\Python\pythoncore-3.14-64\Lib\importlib\__init__.py:88: in import_module
    return _bootstrap._gcd_import(name[level:], package, level)
           ^^^^^^^^^^^^^^^^^^^^^^^^^^^^^^^^^^^^^^^^^^^^^^^^^^^^
tests\test_binary_sensor.py:5: in <module>
    from homeassistant.const import STATE_ON, STATE_OFF
E   ModuleNotFoundError: No module named 'homeassistant'
___________________ ERROR collecting tests/test_calendar.py ___________________
ImportError while importing test module 'C:\Users\fabia\GitHub\ha-eversports\tests\test_calendar.py'.
Hint: make sure your test modules/packages have valid Python names.
Traceback:
..\..\AppData\Local\Python\pythoncore-3.14-64\Lib\importlib\__init__.py:88: in import_module
    return _bootstrap._gcd_import(name[level:], package, level)
           ^^^^^^^^^^^^^^^^^^^^^^^^^^^^^^^^^^^^^^^^^^^^^^^^^^^^
tests\test_calendar.py:5: in <module>
    import pytz
E   ModuleNotFoundError: No module named 'pytz'
_________________ ERROR collecting tests/test_config_flow.py __________________
ImportError while importing test module 'C:\Users\fabia\GitHub\ha-eversports\tests\test_config_flow.py'.
Hint: make sure your test modules/packages have valid Python names.
Traceback:
..\..\AppData\Local\Python\pythoncore-3.14-64\Lib\importlib\__init__.py:88: in import_module
    return _bootstrap._gcd_import(name[level:], package, level)
           ^^^^^^^^^^^^^^^^^^^^^^^^^^^^^^^^^^^^^^^^^^^^^^^^^^^^
tests\test_config_flow.py:5: in <module>
    from homeassistant import config_entries, data_entry_flow
E   ModuleNotFoundError: No module named 'homeassistant'
_____________________ ERROR collecting tests/test_init.py _____________________
ImportError while importing test module 'C:\Users\fabia\GitHub\ha-eversports\tests\test_init.py'.
Hint: make sure your test modules/packages have valid Python names.
Traceback:
..\..\AppData\Local\Python\pythoncore-3.14-64\Lib\importlib\__init__.py:88: in import_module
    return _bootstrap._gcd_import(name[level:], package, level)
           ^^^^^^^^^^^^^^^^^^^^^^^^^^^^^^^^^^^^^^^^^^^^^^^^^^^^
tests\test_init.py:5: in <module>
    from homeassistant.config_entries import ConfigEntryState
E   ModuleNotFoundError: No module named 'homeassistant'
____________________ ERROR collecting tests/test_sensor.py ____________________
ImportError while importing test module 'C:\Users\fabia\GitHub\ha-eversports\tests\test_sensor.py'.
Hint: make sure your test modules/packages have valid Python names.
Traceback:
..\..\AppData\Local\Python\pythoncore-3.14-64\Lib\importlib\__init__.py:88: in import_module
    return _bootstrap._gcd_import(name[level:], package, level)
           ^^^^^^^^^^^^^^^^^^^^^^^^^^^^^^^^^^^^^^^^^^^^^^^^^^^^
tests\test_sensor.py:5: in <module>
    from homeassistant.core import HomeAssistant
E   ModuleNotFoundError: No module named 'homeassistant'
=========================== short test summary info ===========================
ERROR tests/test_binary_sensor.py
ERROR tests/test_calendar.py
ERROR tests/test_config_flow.py
ERROR tests/test_init.py
ERROR tests/test_sensor.py
!!!!!!!!!!!!!!!!!!! Interrupted: 5 errors during collection !!!!!!!!!!!!!!!!!!!
============================== 5 errors in 0.15s ==============================
